[NotebookApp | WARNING] No nbgrader_config.py file found (rerun with --debug to see where nbgrader is looking)
[NotebookApp | INFO] Loading the validate_assignment nbgrader serverextension
[NotebookApp | INFO] Serving notebooks from local directory: /Users/roberto/clase-cinematica-robot
[NotebookApp | INFO] 0 active kernels
[NotebookApp | INFO] The Jupyter Notebook is running at:
[NotebookApp | INFO] http://localhost:8888/?token=66570e69dc65fe7c78f90f9e062feb37728b608772c2d918
[NotebookApp | INFO] Use Control-C to stop this server and shut down all kernels (twice to skip confirmation).
[NotebookApp | CRITICAL] 
    
    Copy/paste this URL into your browser when you connect for the first time,
    to login with a token:
        http://localhost:8888/?token=66570e69dc65fe7c78f90f9e062feb37728b608772c2d918
[NotebookApp | INFO] Accepting one-time-token-authenticated connection from ::1
[NotebookApp | WARNING] 404 GET /apple-touch-icon-precomposed.png (::1) 14.34ms referer=None
[NotebookApp | WARNING] 404 GET /apple-touch-icon.png (::1) 1.81ms referer=None
[NotebookApp | INFO] Kernel started: c40a3193-c6d8-4519-9172-105cd70c8d3c
[NotebookApp | INFO] Adapting to protocol v5.1 for kernel c40a3193-c6d8-4519-9172-105cd70c8d3c
[NotebookApp | WARNING] 404 GET /static/components/MathJax/fonts/HTML-CSS/TeX/otf/MathJax_AMS-Regular.otf (::1) 3.13ms referer=http://localhost:8888/notebooks/Practicas/practica1/Practica.ipynb
[NotebookApp | INFO] Starting buffering for c40a3193-c6d8-4519-9172-105cd70c8d3c:C9A1CBB42EC34DEBB8A244B69E640535
[NotebookApp | INFO] 302 GET /notebooks/Practicas/practica2/imagenes/rotacion.svg (::1) 1.94ms
[NotebookApp | INFO] Kernel started: 6c55854d-4518-4afb-9cdc-f29b2105c8f8
[NotebookApp | INFO] Adapting to protocol v5.1 for kernel 6c55854d-4518-4afb-9cdc-f29b2105c8f8
[NotebookApp | INFO] Starting buffering for 6c55854d-4518-4afb-9cdc-f29b2105c8f8:8E34680E667143EC89E8069B7EDFFDFF
[NotebookApp | INFO] interrupted
[NotebookApp | CRITICAL] received signal 2, stopping
[NotebookApp | INFO] Shutting down 2 kernels
[NotebookApp | INFO] Kernel shutdown: c40a3193-c6d8-4519-9172-105cd70c8d3c
[NotebookApp | INFO] Kernel shutdown: 6c55854d-4518-4afb-9cdc-f29b2105c8f8
